1606706618547	geckodriver	INFO	Listening on 127.0.0.1:8656
1606706621565	mozrunner::runner	INFO	Running command: "J:\\firefox\\firefox.exe" "--marionette" "-foreground" "-no-remote" "-profile" "C:\\Users\\YDJ\\AppData\\Local\\Temp\\rust_mozprofileu5D94Q"
Can't find symbol 'eglSwapBuffersWithDamageEXT'.
JavaScript error: resource://gre/modules/XULStore.jsm, line 66: Error: Can't find profile directory.
console.warn: SearchSettings: "get: No settings file exists, new profile?" (new Error("", "(unknown module)"))
1606706631361	Marionette	INFO	Listening on port 8665
1606706631696	Marionette	WARN	TLS certificate errors will be ignored for this session
JavaScript error: resource://gre/modules/URIFixup.jsm, line 271: NS_ERROR_FAILURE: Should pass a non-null uri
JavaScript error: , line 0: NS_ERROR_FAILURE
1606706791590	Marionette	INFO	Stopped listening on port 8665

###!!! [Child][RunMessage] Error: Channel closing: too late to send/recv, messages will be lost


###!!! [Child][MessageChannel::SendAndWait] Error: Channel error: cannot send/recv

1607494993481	geckodriver	INFO	Listening on 127.0.0.1:14130
1607494996468	mozrunner::runner	INFO	Running command: "J:\\firefox\\firefox.exe" "--marionette" "-foreground" "-no-remote" "-profile" "C:\\Users\\YDJ\\AppData\\Local\\Temp\\rust_mozprofilegrUbRX"
Can't find symbol 'eglSwapBuffersWithDamageEXT'.
Can't find symbol 'eglSetDamageRegionKHR'.
JavaScript error: resource://gre/modules/XULStore.jsm, line 66: Error: Can't find profile directory.
console.warn: SearchSettings: "get: No settings file exists, new profile?" (new Error("", "(unknown module)"))
1607495004542	Marionette	INFO	Listening on port 14139
1607495005044	Marionette	WARN	TLS certificate errors will be ignored for this session
JavaScript error: , line 0: NS_ERROR_FAILURE
1607495121302	Marionette	INFO	Stopped listening on port 14139

###!!! [Child][RunMessage] Error: Channel closing: too late to send/recv, messages will be lost


###!!! [Child][MessageChannel::SendAndWait] Error: Channel error: cannot send/recv

1607496357956	geckodriver	INFO	Listening on 127.0.0.1:15231
1607496360892	mozrunner::runner	INFO	Running command: "J:\\firefox\\firefox.exe" "--marionette" "-foreground" "-no-remote" "-profile" "C:\\Users\\YDJ\\AppData\\Local\\Temp\\rust_mozprofilefNmPq3"
Can't find symbol 'eglSwapBuffersWithDamageEXT'.
Can't find symbol 'eglSetDamageRegionKHR'.
JavaScript error: resource://gre/modules/XULStore.jsm, line 66: Error: Can't find profile directory.
console.warn: SearchSettings: "get: No settings file exists, new profile?" (new Error("", "(unknown module)"))
1607496365093	Marionette	INFO	Listening on port 15240
1607496365204	Marionette	WARN	TLS certificate errors will be ignored for this session
JavaScript error: resource:///modules/FaviconLoader.jsm, line 594: InvalidStateError: JSWindowActorChild.sendAsyncMessage: JSWindowActorChild cannot send at the moment
JavaScript error: , line 0: NS_ERROR_FAILURE
1607496509952	Marionette	INFO	Stopped listening on port 15240

###!!! [Child][RunMessage] Error: Channel closing: too late to send/recv, messages will be lost


###!!! [Child][MessageChannel::SendAndWait] Error: Channel error: cannot send/recv

